0 info it worked if it ends with ok
1 verbose cli [ '/home/zhao/.nvm/versions/node/v6.14.1/bin/node',
1 verbose cli   '/home/zhao/.nvm/versions/node/v6.14.1/bin/npm',
1 verbose cli   'start' ]
2 info using npm@3.10.10
3 info using node@v6.14.1
4 verbose run-script [ 'prestart', 'start', 'poststart' ]
5 info lifecycle tutorial@1.0.0~prestart: tutorial@1.0.0
6 silly lifecycle tutorial@1.0.0~prestart: no script for prestart, continuing
7 info lifecycle tutorial@1.0.0~start: tutorial@1.0.0
8 verbose lifecycle tutorial@1.0.0~start: unsafe-perm in lifecycle true
9 verbose lifecycle tutorial@1.0.0~start: PATH: /home/zhao/.nvm/versions/node/v6.14.1/lib/node_modules/npm/bin/node-gyp-bin:/media/zhao/develop/front_end/react/myreact/my-router/01-setting-up/node_modules/.bin:/home/zhao/bin:/home/zhao/.nvm/versions/node/v6.14.1/bin:/home/zhao/Android/Sdk:/usr/local/and_studio/android-studio/bin:/usr/lib/jvm/jdk1.8.0_112/bin:/home/zhao/bin:/home/zhao/Android/Sdk:/usr/local/and_studio/android-studio/bin:/usr/lib/jvm/jdk1.8.0_112/bin:/usr/local/sbin:/usr/local/bin:/usr/sbin:/usr/bin:/sbin:/bin:/usr/games:/usr/local/games
10 verbose lifecycle tutorial@1.0.0~start: CWD: /media/zhao/develop/front_end/react/myreact/my-router/01-setting-up
11 silly lifecycle tutorial@1.0.0~start: Args: [ '-c', 'webpack-dev-server --inline --content-base .' ]
12 silly lifecycle tutorial@1.0.0~start: Returned: code: 1  signal: null
13 info lifecycle tutorial@1.0.0~start: Failed to exec start script
14 verbose stack Error: tutorial@1.0.0 start: `webpack-dev-server --inline --content-base .`
14 verbose stack Exit status 1
14 verbose stack     at EventEmitter.<anonymous> (/home/zhao/.nvm/versions/node/v6.14.1/lib/node_modules/npm/lib/utils/lifecycle.js:255:16)
14 verbose stack     at emitTwo (events.js:106:13)
14 verbose stack     at EventEmitter.emit (events.js:191:7)
14 verbose stack     at ChildProcess.<anonymous> (/home/zhao/.nvm/versions/node/v6.14.1/lib/node_modules/npm/lib/utils/spawn.js:40:14)
14 verbose stack     at emitTwo (events.js:106:13)
14 verbose stack     at ChildProcess.emit (events.js:191:7)
14 verbose stack     at maybeClose (internal/child_process.js:920:16)
14 verbose stack     at Process.ChildProcess._handle.onexit (internal/child_process.js:230:5)
15 verbose pkgid tutorial@1.0.0
16 verbose cwd /media/zhao/develop/front_end/react/myreact/my-router/01-setting-up
17 error Linux 3.13.0-141-generic
18 error argv "/home/zhao/.nvm/versions/node/v6.14.1/bin/node" "/home/zhao/.nvm/versions/node/v6.14.1/bin/npm" "start"
19 error node v6.14.1
20 error npm  v3.10.10
21 error code ELIFECYCLE
22 error tutorial@1.0.0 start: `webpack-dev-server --inline --content-base .`
22 error Exit status 1
23 error Failed at the tutorial@1.0.0 start script 'webpack-dev-server --inline --content-base .'.
23 error Make sure you have the latest version of node.js and npm installed.
23 error If you do, this is most likely a problem with the tutorial package,
23 error not with npm itself.
23 error Tell the author that this fails on your system:
23 error     webpack-dev-server --inline --content-base .
23 error You can get information on how to open an issue for this project with:
23 error     npm bugs tutorial
23 error Or if that isn't available, you can get their info via:
23 error     npm owner ls tutorial
23 error There is likely additional logging output above.
24 verbose exit [ 1, true ]
